<?xml version="1.0" encoding="UTF-8"?>
<!-- Generated by org.testng.reporters.JUnitReportReporter -->
<testsuite skipped="0" hostname="DESKTOP-2J4CT5D" name="Assignments_Edureka.Sel_mod7_assign_Flipkart_Screenshot" tests="6" failures="0" timestamp="14 Feb 2019 16:39:34 GMT" time="17.009" errors="0">
  <testcase name="Checkout" time="4.247" classname="Assignments_Edureka.Sel_mod7_assign_Flipkart_Screenshot"/>
  <testcase name="openURL" time="5.508" classname="Assignments_Edureka.Sel_mod7_assign_Flipkart_Screenshot"/>
  <testcase name="searchSelenium" time="3.177" classname="Assignments_Edureka.Sel_mod7_assign_Flipkart_Screenshot"/>
  <testcase name="CheckPincode" time="3.630" classname="Assignments_Edureka.Sel_mod7_assign_Flipkart_Screenshot"/>
  <testcase name="addCart" time="0.111" classname="Assignments_Edureka.Sel_mod7_assign_Flipkart_Screenshot"/>
  <testcase name="Screen_Shot" time="0.336" classname="Assignments_Edureka.Sel_mod7_assign_Flipkart_Screenshot"/>
</testsuite> <!-- Assignments_Edureka.Sel_mod7_assign_Flipkart_Screenshot -->
