<?xml version="1.0" encoding="UTF-8"?>
<!-- Generated by org.testng.reporters.JUnitReportReporter -->
<testsuite skipped="0" hostname="DESKTOP-2J4CT5D" name="module6pkg_TestNG.Sequencing" tests="5" failures="0" timestamp="08 Feb 2019 05:04:42 GMT" time="0.013" errors="0">
  <testcase name="Tavish" time="0.001" classname="module6pkg_TestNG.Sequencing"/>
  <testcase name="Kalaivani" time="0.001" classname="module6pkg_TestNG.Sequencing"/>
  <testcase name="Jacob" time="0.009" classname="module6pkg_TestNG.Sequencing"/>
  <testcase name="Namrata" time="0.001" classname="module6pkg_TestNG.Sequencing"/>
  <testcase name="Shifali" time="0.001" classname="module6pkg_TestNG.Sequencing"/>
</testsuite> <!-- module6pkg_TestNG.Sequencing -->
