<?xml version="1.0" encoding="UTF-8"?>
<!-- Generated by org.testng.reporters.JUnitReportReporter -->
<testsuite skipped="0" hostname="DESKTOP-2J4CT5D" name="module8pkg_Framework.DDT_POI" tests="1" failures="0" timestamp="14 Feb 2019 18:26:42 GMT" time="6.124" errors="0">
  <testcase name="ReadData" time="6.124" classname="module8pkg_Framework.DDT_POI"/>
</testsuite> <!-- module8pkg_Framework.DDT_POI -->
