<?xml version="1.0" encoding="UTF-8"?>
<!-- Generated by org.testng.reporters.JUnitReportReporter -->
<testsuite skipped="0" hostname="DESKTOP-2J4CT5D" name="module6pkg_TestNG.Annotation" tests="1" failures="0" timestamp="08 Feb 2019 04:33:59 GMT" time="0.006" errors="0">
  <testcase name="TestMethod" time="0.006" classname="module6pkg_TestNG.Annotation"/>
</testsuite> <!-- module6pkg_TestNG.Annotation -->
