<?xml version="1.0" encoding="UTF-8"?>
<!-- Generated by org.testng.reporters.JUnitReportReporter -->
<testsuite skipped="0" hostname="DESKTOP-2J4CT5D" name="module6pkg_TestNG.NewTest" tests="1" failures="0" timestamp="08 Feb 2019 04:18:40 GMT" time="0.005" errors="0">
  <testcase name="f" time="0.005" classname="module6pkg_TestNG.NewTest"/>
</testsuite> <!-- module6pkg_TestNG.NewTest -->
