<?xml version="1.0" encoding="UTF-8"?>
<!-- Generated by org.testng.reporters.JUnitReportReporter -->
<testsuite skipped="0" hostname="DESKTOP-2J4CT5D" name="module6pkg_TestNG.Grouping_test" tests="4" failures="0" timestamp="08 Feb 2019 21:20:36 GMT" time="24.129" errors="0">
  <testcase name="A_invokeBrowser" time="3.837" classname="module6pkg_TestNG.Grouping_test"/>
  <testcase name="B_Homepage" time="6.715" classname="module6pkg_TestNG.Grouping_test"/>
  <testcase name="C_Hotelspage" time="6.748" classname="module6pkg_TestNG.Grouping_test"/>
  <testcase name="D_Cruisespage" time="6.829" classname="module6pkg_TestNG.Grouping_test"/>
</testsuite> <!-- module6pkg_TestNG.Grouping_test -->
