<?xml version="1.0" encoding="UTF-8"?>
<!-- Generated by org.testng.reporters.JUnitReportReporter -->
<testsuite skipped="0" hostname="DESKTOP-2J4CT5D" name="Assignments_Edureka.Sel_mod11_assign_updatePic_edureka" tests="2" failures="0" timestamp="21 Feb 2019 05:11:12 GMT" time="25.899" errors="0">
  <testcase name="updateProfile_Picture" time="23.611" classname="Assignments_Edureka.Sel_mod11_assign_updatePic_edureka"/>
  <testcase name="login" time="2.288" classname="Assignments_Edureka.Sel_mod11_assign_updatePic_edureka"/>
</testsuite> <!-- Assignments_Edureka.Sel_mod11_assign_updatePic_edureka -->
