<?xml version="1.0" encoding="UTF-8"?>
<!-- Generated by org.testng.reporters.JUnitReportReporter -->
<testsuite skipped="0" hostname="DESKTOP-2J4CT5D" name="module8pkg_Framework.DataDrivenTest_jxl" tests="10" failures="0" timestamp="17 Feb 2019 04:52:36 GMT" time="75.876" errors="0">
  <testcase name="Form_Elements" time="4.165" classname="module8pkg_Framework.DataDrivenTest_jxl"/>
  <testcase name="Form_Elements" time="9.500" classname="module8pkg_Framework.DataDrivenTest_jxl"/>
  <testcase name="Form_Elements" time="9.146" classname="module8pkg_Framework.DataDrivenTest_jxl"/>
  <testcase name="Form_Elements" time="9.254" classname="module8pkg_Framework.DataDrivenTest_jxl"/>
  <testcase name="Form_Elements" time="9.030" classname="module8pkg_Framework.DataDrivenTest_jxl"/>
  <testcase name="Form_Elements" time="3.766" classname="module8pkg_Framework.DataDrivenTest_jxl"/>
  <testcase name="Form_Elements" time="9.273" classname="module8pkg_Framework.DataDrivenTest_jxl"/>
  <testcase name="Form_Elements" time="4.217" classname="module8pkg_Framework.DataDrivenTest_jxl"/>
  <testcase name="Form_Elements" time="8.718" classname="module8pkg_Framework.DataDrivenTest_jxl"/>
  <testcase name="Form_Elements" time="8.807" classname="module8pkg_Framework.DataDrivenTest_jxl"/>
</testsuite> <!-- module8pkg_Framework.DataDrivenTest_jxl -->
