<?xml version="1.0" encoding="UTF-8"?>
<!-- Generated by org.testng.reporters.JUnitReportReporter -->
<testsuite skipped="0" hostname="DESKTOP-2J4CT5D" name="module6pkg_TestNG.Facebook_register_testcase" tests="2" failures="0" timestamp="11 Feb 2019 04:54:42 GMT" time="4.962" errors="0">
  <testcase name="openURL" time="3.012" classname="module6pkg_TestNG.Facebook_register_testcase"/>
  <testcase name="register" time="1.950" classname="module6pkg_TestNG.Facebook_register_testcase"/>
</testsuite> <!-- module6pkg_TestNG.Facebook_register_testcase -->
