<?xml version="1.0" encoding="UTF-8"?>
<!-- Generated by org.testng.reporters.JUnitReportReporter -->
<testsuite skipped="0" hostname="DESKTOP-2J4CT5D" name="module6pkg_TestNG.MultipleBrowser" tests="3" failures="0" timestamp="08 Feb 2019 23:08:12 GMT" time="3.396" errors="0">
  <testcase name="getURL" time="1.642" classname="module6pkg_TestNG.MultipleBrowser"/>
  <testcase name="getURL" time="1.011" classname="module6pkg_TestNG.MultipleBrowser"/>
  <testcase name="getURL" time="0.743" classname="module6pkg_TestNG.MultipleBrowser"/>
</testsuite> <!-- module6pkg_TestNG.MultipleBrowser -->
