<?xml version="1.0" encoding="UTF-8"?>
<!-- Generated by org.testng.reporters.JUnitReportReporter -->
<testsuite skipped="0" hostname="DESKTOP-2J4CT5D" name="module6pkg_TestNG.ParallelExec" tests="3" failures="0" timestamp="08 Feb 2019 23:30:58 GMT" time="2.786" errors="0">
  <testcase name="getURL" time="1.226" classname="module6pkg_TestNG.ParallelExec"/>
  <testcase name="getURL" time="0.822" classname="module6pkg_TestNG.ParallelExec"/>
  <testcase name="getURL" time="0.738" classname="module6pkg_TestNG.ParallelExec"/>
</testsuite> <!-- module6pkg_TestNG.ParallelExec -->
