<?xml version="1.0" encoding="UTF-8"?>
<!-- Generated by org.testng.reporters.JUnitReportReporter -->
<testsuite skipped="1" hostname="DESKTOP-2J4CT5D" name="module6pkg_TestNG.Enabled_2_Disabled" tests="5" failures="0" timestamp="08 Feb 2019 20:02:55 GMT" time="0.017" errors="0">
  <testcase name="Jacob" time="0.013" classname="module6pkg_TestNG.Enabled_2_Disabled"/>
  <testcase name="Shifali" time="0.002" classname="module6pkg_TestNG.Enabled_2_Disabled"/>
  <testcase name="Namrata" time="0.001" classname="module6pkg_TestNG.Enabled_2_Disabled"/>
  <testcase name="Tavish" time="0.001" classname="module6pkg_TestNG.Enabled_2_Disabled"/>
  <testcase name="Kalaivani" classname="module6pkg_TestNG.Enabled_2_Disabled">
    <skipped/>
  </testcase> <!-- Kalaivani -->
</testsuite> <!-- module6pkg_TestNG.Enabled_2_Disabled -->
