<?xml version="1.0" encoding="UTF-8"?>
<!-- Generated by org.testng.reporters.JUnitReportReporter -->
<testsuite skipped="0" hostname="DESKTOP-2J4CT5D" name="module6pkg_TestNG.Priority" tests="5" failures="0" timestamp="08 Feb 2019 04:49:01 GMT" time="0.025" errors="0">
  <testcase name="Jacob" time="0.017" classname="module6pkg_TestNG.Priority"/>
  <testcase name="Shifali" time="0.003" classname="module6pkg_TestNG.Priority"/>
  <testcase name="Kalaivani" time="0.002" classname="module6pkg_TestNG.Priority"/>
  <testcase name="Namrata" time="0.002" classname="module6pkg_TestNG.Priority"/>
  <testcase name="Tavish" time="0.001" classname="module6pkg_TestNG.Priority"/>
</testsuite> <!-- module6pkg_TestNG.Priority -->
