<?xml version="1.0" encoding="UTF-8"?>
<!-- Generated by org.testng.reporters.JUnitReportReporter -->
<testsuite skipped="0" hostname="DESKTOP-2J4CT5D" name="Assignments_Edureka.Sel_mod6_assign_SignUp_TestCase" tests="2" failures="0" timestamp="11 Feb 2019 20:27:05 GMT" time="37.309" errors="0">
  <testcase name="openURL" time="3.988" classname="Assignments_Edureka.Sel_mod6_assign_SignUp_TestCase"/>
  <testcase name="register" time="33.321" classname="Assignments_Edureka.Sel_mod6_assign_SignUp_TestCase"/>
</testsuite> <!-- Assignments_Edureka.Sel_mod6_assign_SignUp_TestCase -->
