<?xml version="1.0" encoding="UTF-8"?>
<!-- Generated by org.testng.reporters.JUnitReportReporter -->
<testsuite skipped="0" hostname="DESKTOP-2J4CT5D" name="Assignments_Edureka.Sel_mod6_assign_testcase1" tests="5" failures="0" timestamp="12 Feb 2019 04:07:52 GMT" time="67.433" errors="0">
  <testcase name="search" time="18.003" classname="Assignments_Edureka.Sel_mod6_assign_testcase1"/>
  <testcase name="openURL" time="8.498" classname="Assignments_Edureka.Sel_mod6_assign_testcase1"/>
  <testcase name="login" time="3.181" classname="Assignments_Edureka.Sel_mod6_assign_testcase1"/>
  <testcase name="logout" time="6.729" classname="Assignments_Edureka.Sel_mod6_assign_testcase1"/>
  <testcase name="register" time="31.022" classname="Assignments_Edureka.Sel_mod6_assign_testcase1"/>
</testsuite> <!-- Assignments_Edureka.Sel_mod6_assign_testcase1 -->
