<?xml version="1.0" encoding="UTF-8"?>
<!-- Generated by org.testng.reporters.JUnitReportReporter -->
<testsuite skipped="0" hostname="DESKTOP-2J4CT5D" name="module7pkg_Grid_IDE.GridExample" tests="1" failures="0" timestamp="07 Mar 2019 17:19:10 GMT" time="1.077" errors="0">
  <testcase name="testURL" time="1.077" classname="module7pkg_Grid_IDE.GridExample"/>
</testsuite> <!-- module7pkg_Grid_IDE.GridExample -->
